<?xml version="1.0" encoding="UTF-8"?>
<!-- Generated by org.testng.reporters.JUnitReportReporter -->
<testsuite hostname="PUNASC359629L" failures="0" tests="2" name="com.selenium.Scenario6" time="0.009" errors="0" timestamp="2020-10-26T01:58:20 IST" skipped="0">
  <testcase classname="com.selenium.Scenario6" name="checkCredentials" time="0.002"/>
  <system-out/>
  <testcase classname="com.selenium.Scenario6" name="checkCredentials" time="0.007"/>
  <system-out/>
</testsuite> <!-- com.selenium.Scenario6 -->
